[2025-11-27 13:28:36] 
############################################################
[2025-11-27 13:28:36] # TRANSKRIBUS XML TO CSV WORKFLOW
[2025-11-27 13:28:36] # Divergent Discourses Project
[2025-11-27 13:28:36] ############################################################
[2025-11-27 13:28:36] Started at: 2025-11-27 13:28:36

[2025-11-27 13:28:36] 
============================================================
[2025-11-27 13:28:36] STEP 1: EXTRACTING PARAGRAPHS FROM PAGEXML
[2025-11-27 13:28:36] ============================================================
[2025-11-27 13:28:36] 
✓ Extraction complete: 1 CSV files created
[2025-11-27 13:28:36]   Output directory: ./data/step1_extracted_csv
[2025-11-27 13:28:36] 
============================================================
[2025-11-27 13:28:36] STEP 2: NORMALIZING TEXT
[2025-11-27 13:28:36] ============================================================
[2025-11-27 13:28:36] 
✓ Normalization complete: 1 files normalized
[2025-11-27 13:28:36]   Output directory: ./data/step2_normalized_csv
[2025-11-27 13:28:36] 
============================================================
[2025-11-27 13:28:36] STEP 3: MERGING CSV FILES
[2025-11-27 13:28:36] ============================================================
[2025-11-27 13:28:36] 
✓ Merge complete
[2025-11-27 13:28:36]   Output file: /mnt/user-data/outputs/data/step3_merged_csv/merged_pages.csv
[2025-11-27 13:28:36] 
============================================================
[2025-11-27 13:28:36] WORKFLOW SUMMARY
[2025-11-27 13:28:36] ============================================================
[2025-11-27 13:28:36] ✓ Extraction: Success
[2025-11-27 13:28:36] ✓ Normalization: Success
[2025-11-27 13:28:36] ✓ Merge: Success
[2025-11-27 13:28:36] 
✓ WORKFLOW COMPLETED SUCCESSFULLY
[2025-11-27 13:28:36] Finished at: 2025-11-27 13:28:36

